<?xml version="1.0" encoding="UTF-8"?>
<!-- Generated by org.testng.reporters.JUnitReportReporter -->
<testsuite hostname="DESKTOP-O653DLE" failures="0" tests="1" name="testNgDemos.democlass" time="23.896" errors="0" timestamp="2022-10-04T13:18:13 IST" skipped="0">
  <testcase classname="testNgDemos.democlass" name="login_Test" time="23.896"/>
  <system-out/>
</testsuite> <!-- testNgDemos.democlass -->
